#-----------------------------------------------------------
# Vivado v2025.1 (64-bit)
# SW Build 6140274 on Wed May 21 22:58:25 MDT 2025
# IP Build 6138677 on Thu May 22 03:10:11 MDT 2025
# SharedData Build 6139179 on Tue May 20 17:58:58 MDT 2025
# Start of session at: Wed Apr 22 23:39:07 2026
# Process ID         : 190456
# Current directory  : /home/yh/pp4/leveldb_compaction_offload/organized/sim/integration
# Command line       : vivado -mode batch -source /home/yh/pp4/rebuild_bitfile.tcl
# Log file           : /home/yh/pp4/leveldb_compaction_offload/organized/sim/integration/vivado.log
# Journal file       : /home/yh/pp4/leveldb_compaction_offload/organized/sim/integration/vivado.jou
# Running On         : haswell
# Platform           : Debian
# Operating System   : Debian GNU/Linux 13 (trixie)
# Processor Detail   : Intel(R) Core(TM) i7-4790 CPU @ 3.60GHz
# CPU Frequency      : 3597.389 MHz
# CPU Physical cores : 4
# CPU Logical cores  : 8
# Host memory        : 33530 MB
# Swap memory        : 28802 MB
# Total Virtual      : 62333 MB
# Available Virtual  : 54402 MB
#-----------------------------------------------------------
source /home/yh/pp4/rebuild_bitfile.tcl
# open_project /home/yh/pp4/project_1.xpr
Scanning sources...
Finished scanning sources
WARNING: [Board 49-26] cannot add Board Part xilinx.com:zcu208ld:part0:2.0 available at /eda/Xilinx/2025.1/data/xhub/boards/XilinxBoardStore/boards/Xilinx/zcu208ld/production/2.0/board.xml as part xczu58dr-fsvg1517-2-i specified in board_part file is either invalid or not available
WARNING: [Board 49-26] cannot add Board Part xilinx.com:zcu216ld:part0:2.0 available at /eda/Xilinx/2025.1/data/xhub/boards/XilinxBoardStore/boards/Xilinx/zcu216ld/production/2.0/board.xml as part xczu59dr-ffvf1760-2-i specified in board_part file is either invalid or not available
WARNING: [Board 49-26] cannot add Board Part xilinx.com:zcu670ld:part0:1.0 available at /eda/Xilinx/2025.1/data/xhub/boards/XilinxBoardStore/boards/Xilinx/zcu670ld/1.0/board.xml as part xczu57dr-fsve1156-2-i specified in board_part file is either invalid or not available
INFO: [IP_Flow 19-234] Refreshing IP repositories
INFO: [IP_Flow 19-1704] No user IP repositories specified
INFO: [IP_Flow 19-2313] Loaded Vivado IP repository '/eda/Xilinx/2025.1/Vivado/data/ip'.
WARNING: [filemgmt 56-443] The ECC Algorithm string is empty. Setting the Memory Map to default ECC value to ECC_NONE.
WARNING: [filemgmt 56-443] The ECC Algorithm string is empty. Setting the Memory Map to default ECC value to ECC_NONE.
WARNING: [IP_Flow 19-3664] IP 'design_1_sstable_engine_top_0_1' generated file not found '/home/yh/pp4/project_1.gen/sources_1/bd/design_1/ip/design_1_sstable_engine_top_0_1/design_1_sstable_engine_top_0_1.dcp'. Please regenerate to continue.
WARNING: [IP_Flow 19-3664] IP 'design_1_sstable_engine_top_0_1' generated file not found '/home/yh/pp4/project_1.gen/sources_1/bd/design_1/ip/design_1_sstable_engine_top_0_1/design_1_sstable_engine_top_0_1_sim_netlist.v'. Please regenerate to continue.
WARNING: [IP_Flow 19-3664] IP 'design_1_sstable_engine_top_0_1' generated file not found '/home/yh/pp4/project_1.gen/sources_1/bd/design_1/ip/design_1_sstable_engine_top_0_1/design_1_sstable_engine_top_0_1_sim_netlist.vhdl'. Please regenerate to continue.
WARNING: [IP_Flow 19-3664] IP 'design_1_sstable_engine_top_0_1' generated file not found '/home/yh/pp4/project_1.gen/sources_1/bd/design_1/ip/design_1_sstable_engine_top_0_1/design_1_sstable_engine_top_0_1_stub.v'. Please regenerate to continue.
WARNING: [IP_Flow 19-3664] IP 'design_1_sstable_engine_top_0_1' generated file not found '/home/yh/pp4/project_1.gen/sources_1/bd/design_1/ip/design_1_sstable_engine_top_0_1/design_1_sstable_engine_top_0_1_stub.vhdl'. Please regenerate to continue.
INFO: [Project 1-5698] Found the below utility IPs instantiated in block design /home/yh/pp4/project_1.srcs/sources_1/bd/design_1/design_1.bd which have equivalent inline hdl with improved performance and reduced diskspace.
It is recommended to migrate these utility IPs to inline hdl  using the command upgrade_project -migrate_to_inline_hdl.  The utility IPs may be deprecated in future releases.
More information on inline hdl is available in UG994.
Utility IP Component Instances:
 design_1_util_vector_logic_0_0
design_1_util_vector_logic_1_0
open_project: Time (s): cpu = 00:00:19 ; elapsed = 00:00:08 . Memory (MB): peak = 1714.664 ; gain = 280.820 ; free physical = 18147 ; free virtual = 51288
# reset_run synth_1
INFO: [Project 1-1161] Replacing file /home/yh/pp4/project_1.srcs/utils_1/imports/synth_1/design_1_wrapper.dcp with file /home/yh/pp4/project_1.runs/synth_1/design_1_wrapper.dcp
# reset_run impl_1
# launch_runs synth_1 -jobs 8
[Wed Apr 22 23:39:29 2026] Launched design_1_sstable_engine_top_0_1_synth_1...
Run output will be captured here: /home/yh/pp4/project_1.runs/design_1_sstable_engine_top_0_1_synth_1/runme.log
[Wed Apr 22 23:39:29 2026] Launched synth_1...
Run output will be captured here: /home/yh/pp4/project_1.runs/synth_1/runme.log
launch_runs: Time (s): cpu = 00:00:11 ; elapsed = 00:00:08 . Memory (MB): peak = 1826.719 ; gain = 112.055 ; free physical = 18564 ; free virtual = 51145
# wait_on_run synth_1
[Wed Apr 22 23:39:29 2026] Waiting for synth_1 to finish...
[Wed Apr 22 23:41:24 2026] synth_1 finished
wait_on_runs: Time (s): cpu = 00:00:00.06 ; elapsed = 00:01:55 . Memory (MB): peak = 1826.719 ; gain = 0.000 ; free physical = 8989 ; free virtual = 41645
# if {[get_property PROGRESS [get_runs synth_1]] != "100%"} {
#     puts "ERROR: Synthesis failed"
#     exit 1
# }
ERROR: Synthesis failed
INFO: [Common 17-206] Exiting Vivado at Wed Apr 22 23:41:24 2026...
INFO: [Common 17-41] Interrupt caught. Command should exit soon.
